Object = pds2isis
  IsisVersion       = "9.0.0  | 2026-01-05"
  ProgramVersion    = 2017-06-27
  ProgramPath       = /opt/homebrew/Caskroom/miniforge/base/envs/isis9.0.0/bin
  ExecutionDateTime = 2026-06-18T19:43:55
  HostName          = Unknown
  UserName          = eugenezhao
  Description       = "Import PDS or ISIS2 image into ISIS cube format"

  Group = UserParameters
    FROM         = nh_charon_color_mosaic.lbl
    IMAGE        = nh_charon_color_mosaic.img
    TO           = charon_colour.cub
    SETNULLRANGE = NO
    SETHRSRANGE  = NO
    SETHISRANGE  = NO
    SETLRSRANGE  = NO
    SETLISRANGE  = NO
  End_Group

  Group = Accounting
    ConnectTime = 00:00:00.4
    CpuTime     = 00:00:00.5
  End_Group
End_Object


Object = isis2std
  IsisVersion       = "9.0.0  | 2026-01-05"
  ProgramVersion    = 2018-02-08
  ProgramPath       = /opt/homebrew/Caskroom/miniforge/base/envs/isis9.0.0/bin
  ExecutionDateTime = 2026-06-18T19:45:06
  HostName          = Unknown
  UserName          = eugenezhao
  Description       = "Exports a cube to PNG, BMP, TIFF, JPEG, or JPEG 2000"

  Group = UserParameters
    RED        = charon_colour.cub+3
    GREEN      = charon_colour.cub+2
    BLUE       = charon_colour.cub+4
    TO         = charon_colour.jpg
    MODE       = rgb
    FORMAT     = jpeg
    QUALITY    = 95
    STRETCH    = linear
    MINPERCENT = 0.5
    MAXPERCENT = 99.5
  End_Group

  Group = Results
    OutputFileName    = charon_colour.jpg
    RedInputMinimum   = 0.13903257453333
    RedInputMaximum   = 0.49072580699907
    GreenInputMinimum = 0.18694857859128
    GreenInputMaximum = 0.45547376510023
    BlueInputMinimum  = 0.10313016320108
    BlueInputMaximum  = 0.51047784276855
  End_Group

  Group = Accounting
    ConnectTime = 00:00:00.7
    CpuTime     = 00:00:00.7
  End_Group
End_Object


Object = isis2std
  IsisVersion       = "9.0.0  | 2026-01-05"
  ProgramVersion    = 2018-02-08
  ProgramPath       = /opt/homebrew/Caskroom/miniforge/base/envs/isis9.0.0/bin
  ExecutionDateTime = 2026-06-18T19:45:25
  HostName          = Unknown
  UserName          = eugenezhao
  Description       = "Exports a cube to PNG, BMP, TIFF, JPEG, or JPEG 2000"

  Group = UserParameters
    RED        = charon_colour.cub+3
    GREEN      = charon_colour.cub+2
    BLUE       = charon_colour.cub+4
    TO         = charon_colour.png
    MODE       = rgb
    FORMAT     = png
    QUALITY    = 100
    STRETCH    = linear
    MINPERCENT = 0.5
    MAXPERCENT = 99.5
  End_Group

  Group = Results
    OutputFileName    = charon_colour.png
    RedInputMinimum   = 0.13903257453333
    RedInputMaximum   = 0.49072580699907
    GreenInputMinimum = 0.18694857859128
    GreenInputMaximum = 0.45547376510023
    BlueInputMinimum  = 0.10313016320108
    BlueInputMaximum  = 0.51047784276855
  End_Group

  Group = Accounting
    ConnectTime = 00:00:00.9
    CpuTime     = 00:00:00.9
  End_Group
End_Object


Object = fx
  IsisVersion       = "9.0.0  | 2026-01-05"
  ProgramVersion    = 2016-10-13
  ProgramPath       = /opt/homebrew/Caskroom/miniforge/base/envs/isis9.0.0/bin
  ExecutionDateTime = 2026-06-18T19:46:46
  HostName          = Unknown
  UserName          = eugenezhao
  Description       = "Apply generalized arithmetic operations using multiple
                       cube files"

  Group = UserParameters
    F1       = charon_colour.cub+3
    F2       = charon_colour.cub+4
    TO       = charon_green.cub
    EQUATION = 0.52*f1+0.48*f2
    MODE     = CUBES
  End_Group

  Group = Accounting
    ConnectTime = 00:00:00.2
    CpuTime     = 00:00:00.3
  End_Group
End_Object


Object = isis2std
  IsisVersion       = "9.0.0  | 2026-01-05"
  ProgramVersion    = 2018-02-08
  ProgramPath       = /opt/homebrew/Caskroom/miniforge/base/envs/isis9.0.0/bin
  ExecutionDateTime = 2026-06-18T19:46:54
  HostName          = Unknown
  UserName          = eugenezhao
  Description       = "Exports a cube to PNG, BMP, TIFF, JPEG, or JPEG 2000"

  Group = UserParameters
    RED        = charon_colour.cub+3
    GREEN      = charon_green.cub
    BLUE       = charon_colour.cub+4
    TO         = charon_natural.png
    MODE       = rgb
    FORMAT     = png
    QUALITY    = 100
    STRETCH    = linear
    MINPERCENT = 0.5
    MAXPERCENT = 99.5
  End_Group

  Group = Results
    OutputFileName    = charon_natural.png
    RedInputMinimum   = 0.13903257453333
    RedInputMaximum   = 0.49072580699907
    GreenInputMinimum = 0.12267683476444
    GreenInputMaximum = 0.49990220428777
    BlueInputMinimum  = 0.10313016320108
    BlueInputMaximum  = 0.51047784276855
  End_Group

  Group = Accounting
    ConnectTime = 00:00:00.9
    CpuTime     = 00:00:00.9
  End_Group
End_Object


Object = stats
  IsisVersion       = "9.0.0  | 2026-01-05"
  ProgramVersion    = 2020-06-04
  ProgramPath       = /opt/homebrew/Caskroom/miniforge/base/envs/isis9.0.0/bin
  ExecutionDateTime = 2026-06-18T19:47:23
  HostName          = Unknown
  UserName          = eugenezhao
  Description       = "Generates statistics about a cube"

  Group = UserParameters
    FROM   = charon_colour.cub+3
    FORMAT = PVL
    APPEND = TRUE
  End_Group

  Group = Results
    From                    = charon_colour.cub
    Band                    = 3
    Average                 = 0.28429070863793
    StandardDeviation       = 0.074684305075475
    Variance                = 0.0055777454246066
    Median                  = 0.28599663303752
    Mode                    = 0.25154766833987
    Skew                    = -0.068525417671074
    Minimum                 = 0.035467389971018
    Maximum                 = 0.92957150936127
    Sum                     = 1167231.1256415
    TotalPixels             = 7250432
    ValidPixels             = 4105766
    OverValidMaximumPixels  = 0
    UnderValidMinimumPixels = 0
    NullPixels              = 0
    LisPixels               = 0
    LrsPixels               = 3144666
    HisPixels               = 0
    HrsPixels               = 0
  End_Group

  Group = Accounting
    ConnectTime = 00:00:00.1
    CpuTime     = 00:00:00.1
  End_Group
End_Object


Object = stats
  IsisVersion       = "9.0.0  | 2026-01-05"
  ProgramVersion    = 2020-06-04
  ProgramPath       = /opt/homebrew/Caskroom/miniforge/base/envs/isis9.0.0/bin
  ExecutionDateTime = 2026-06-18T19:47:25
  HostName          = Unknown
  UserName          = eugenezhao
  Description       = "Generates statistics about a cube"

  Group = UserParameters
    FROM   = charon_green.cub
    FORMAT = PVL
    APPEND = TRUE
  End_Group

  Group = Results
    From                    = charon_green.cub
    Band                    = 1
    Average                 = 0.28158384880637
    StandardDeviation       = 0.082761128019393
    Variance                = 0.0068494043110423
    Median                  = 0.28592056192658
    Mode                    = 0.27467709684741
    Skew                    = -0.1572010879021
    Minimum                 = -0.096926540136337
    Maximum                 = 4.5666208267212
    Sum                     = 1156005.0406226
    TotalPixels             = 7250432
    ValidPixels             = 4105367
    OverValidMaximumPixels  = 0
    UnderValidMinimumPixels = 0
    NullPixels              = 0
    LisPixels               = 0
    LrsPixels               = 3145065
    HisPixels               = 0
    HrsPixels               = 0
  End_Group

  Group = Accounting
    ConnectTime = 00:00:00.1
    CpuTime     = 00:00:00.1
  End_Group
End_Object


Object = stats
  IsisVersion       = "9.0.0  | 2026-01-05"
  ProgramVersion    = 2020-06-04
  ProgramPath       = /opt/homebrew/Caskroom/miniforge/base/envs/isis9.0.0/bin
  ExecutionDateTime = 2026-06-18T19:47:26
  HostName          = Unknown
  UserName          = eugenezhao
  Description       = "Generates statistics about a cube"

  Group = UserParameters
    FROM   = charon_colour.cub+4
    FORMAT = PVL
    APPEND = TRUE
  End_Group

  Group = Results
    From                    = charon_colour.cub
    Band                    = 4
    Average                 = 0.27866212102753
    StandardDeviation       = 0.092150590212302
    Variance                = 0.0084917312764757
    Median                  = 0.28602095810892
    Mode                    = 0.11797519525529
    Skew                    = -0.23956993865487
    Minimum                 = -0.60260266065598
    Maximum                 = 9.1260890960693
    Sum                     = 1144115.8887603
    TotalPixels             = 7250432
    ValidPixels             = 4105746
    OverValidMaximumPixels  = 0
    UnderValidMinimumPixels = 0
    NullPixels              = 0
    LisPixels               = 0
    LrsPixels               = 3144686
    HisPixels               = 0
    HrsPixels               = 0
  End_Group

  Group = Accounting
    ConnectTime = 00:00:00.1
    CpuTime     = 00:00:00.1
  End_Group
End_Object


Object = isis2std
  IsisVersion       = "9.0.0  | 2026-01-05"
  ProgramVersion    = 2018-02-08
  ProgramPath       = /opt/homebrew/Caskroom/miniforge/base/envs/isis9.0.0/bin
  ExecutionDateTime = 2026-06-18T19:48:02
  HostName          = Unknown
  UserName          = eugenezhao
  Description       = "Exports a cube to PNG, BMP, TIFF, JPEG, or JPEG 2000"

  Group = UserParameters
    RED     = charon_colour.cub+3
    GREEN   = charon_green.cub
    BLUE    = charon_colour.cub+4
    TO      = charon_natural.png
    MODE    = rgb
    FORMAT  = png
    QUALITY = 100
    STRETCH = manual
    RMIN    = 0.05
    RMAX    = 0.55
    GMIN    = 0.05
    GMAX    = 0.55
    BMIN    = 0.05
    BMAX    = 0.55
  End_Group

  Group = Results
    OutputFileName    = charon_natural.png
    RedInputMinimum   = 0.05
    RedInputMaximum   = 0.55
    GreenInputMinimum = 0.05
    GreenInputMaximum = 0.55
    BlueInputMinimum  = 0.05
    BlueInputMaximum  = 0.55
  End_Group

  Group = Accounting
    ConnectTime = 00:00:00.5
    CpuTime     = 00:00:00.5
  End_Group
End_Object


Object = fx
  IsisVersion       = "9.0.0  | 2026-01-05"
  ProgramVersion    = 2016-10-13
  ProgramPath       = /opt/homebrew/Caskroom/miniforge/base/envs/isis9.0.0/bin
  ExecutionDateTime = 2026-06-18T19:48:18
  HostName          = Unknown
  UserName          = eugenezhao
  Description       = "Apply generalized arithmetic operations using multiple
                       cube files"

  Group = UserParameters
    F1       = charon_colour.cub+3
    TO       = charon_red_warm.cub
    EQUATION = f1*1.03
    MODE     = CUBES
  End_Group

  Group = Accounting
    ConnectTime = 00:00:00.2
    CpuTime     = 00:00:00.2
  End_Group
End_Object


Object = fx
  IsisVersion       = "9.0.0  | 2026-01-05"
  ProgramVersion    = 2016-10-13
  ProgramPath       = /opt/homebrew/Caskroom/miniforge/base/envs/isis9.0.0/bin
  ExecutionDateTime = 2026-06-18T19:48:19
  HostName          = Unknown
  UserName          = eugenezhao
  Description       = "Apply generalized arithmetic operations using multiple
                       cube files"

  Group = UserParameters
    F1       = charon_colour.cub+4
    TO       = charon_blue_cool.cub
    EQUATION = f1*0.97
    MODE     = CUBES
  End_Group

  Group = Accounting
    ConnectTime = 00:00:00.1
    CpuTime     = 00:00:00.2
  End_Group
End_Object


Object = isis2std
  IsisVersion       = "9.0.0  | 2026-01-05"
  ProgramVersion    = 2018-02-08
  ProgramPath       = /opt/homebrew/Caskroom/miniforge/base/envs/isis9.0.0/bin
  ExecutionDateTime = 2026-06-18T19:48:23
  HostName          = Unknown
  UserName          = eugenezhao
  Description       = "Exports a cube to PNG, BMP, TIFF, JPEG, or JPEG 2000"

  Group = UserParameters
    RED     = charon_red_warm.cub
    GREEN   = charon_green.cub
    BLUE    = charon_blue_cool.cub
    TO      = charon_natural_warm.png
    MODE    = rgb
    FORMAT  = png
    QUALITY = 100
    STRETCH = manual
    RMIN    = 0.05
    RMAX    = 0.55
    GMIN    = 0.05
    GMAX    = 0.55
    BMIN    = 0.05
    BMAX    = 0.55
  End_Group

  Group = Results
    OutputFileName    = charon_natural_warm.png
    RedInputMinimum   = 0.05
    RedInputMaximum   = 0.55
    GreenInputMinimum = 0.05
    GreenInputMaximum = 0.55
    BlueInputMinimum  = 0.05
    BlueInputMaximum  = 0.55
  End_Group

  Group = Accounting
    ConnectTime = 00:00:00.5
    CpuTime     = 00:00:00.5
  End_Group
End_Object


